# JRE version: Java(TM) SE Runtime Environment (17.0+35) (build 17+35-LTS-2724)
# Java VM: Java HotSpot(TM) 64-Bit Server VM (17+35-LTS-2724, mixed mode, sharing, tiered, compressed oops, compressed class ptrs, g1 gc, windows-amd64)
GC Precious Log:
 CPUs: 4 total, 4 available
 Memory: 3495M
 Large Page Support: Disabled
 NUMA Support: Disabled
 Compressed Oops: Enabled (32-bit)
 Heap Region Size: 1M
 Heap Min Capacity: 8M
 Heap Initial Capacity: 56M
 Heap Max Capacity: 874M
 Pre-touch: Disabled
 Parallel Workers: 4
 Concurrent Workers: 1
 Concurrent Refinement Workers: 4
 Periodic GC: Disabled
Heap:
 garbage-first heap   total 57344K, used 36029K [0x00000000c9600000, 0x0000000100000000)
  region size 1024K, 33 young (33792K), 2 survivors (2048K)
 Metaspace       used 12302K, committed 12480K, reserved 1064960K
  class space    used 1437K, committed 1536K, reserved 1048576K
GC Heap History (6 events):
Event: 9.726 GC heap before
{Heap before GC invocations=0 (full 0):
 garbage-first heap   total 57344K, used 12288K [0x00000000c9600000, 0x0000000100000000)
  region size 1024K, 13 young (13312K), 0 survivors (0K)
 Metaspace       used 3554K, committed 3712K, reserved 1056768K
  class space    used 377K, committed 448K, reserved 1048576K
}
Event: 9.751 GC heap after
{Heap after GC invocations=1 (full 0):
 garbage-first heap   total 57344K, used 3104K [0x00000000c9600000, 0x0000000100000000)
  region size 1024K, 2 young (2048K), 2 survivors (2048K)
 Metaspace       used 3554K, committed 3712K, reserved 1056768K
  class space    used 377K, committed 448K, reserved 1048576K
}
Event: 12.206 GC heap before
{Heap before GC invocations=1 (full 0):
 garbage-first heap   total 57344K, used 16416K [0x00000000c9600000, 0x0000000100000000)
  region size 1024K, 15 young (15360K), 2 survivors (2048K)
 Metaspace       used 5480K, committed 5632K, reserved 1056768K
  class space    used 641K, committed 704K, reserved 1048576K
}
Event: 12.213 GC heap after
{Heap after GC invocations=2 (full 0):
 garbage-first heap   total 57344K, used 4018K [0x00000000c9600000, 0x0000000100000000)
  region size 1024K, 1 young (1024K), 1 survivors (1024K)
 Metaspace       used 5480K, committed 5632K, reserved 1056768K
  class space    used 641K, committed 704K, reserved 1048576K
}
Event: 13.574 GC heap before
{Heap before GC invocations=2 (full 0):
 garbage-first heap   total 57344K, used 26546K [0x00000000c9600000, 0x0000000100000000)
  region size 1024K, 23 young (23552K), 1 survivors (1024K)
 Metaspace       used 9130K, committed 9280K, reserved 1064960K
  class space    used 1120K, committed 1216K, reserved 1048576K
}
Event: 13.580 GC heap after
{Heap after GC invocations=3 (full 0):
 garbage-first heap   total 57344K, used 5309K [0x00000000c9600000, 0x0000000100000000)
  region size 1024K, 2 young (2048K), 2 survivors (2048K)
 Metaspace       used 9130K, committed 9280K, reserved 1064960K
  class space    used 1120K, committed 1216K, reserved 1048576K
}

